
Showing logs for build [32mcb-kubecd-bdd-gh-1583167412-pr-rt6sx-1[0m stage [32mfrom-build-pack[0m and container [32mstep-credential-initializer-6c769[0m
{"level":"warn","ts":1583169591.0439792,"logger":"fallback-logger","caller":"logging/config.go:69","msg":"Fetch GitHub commit ID from kodata failed: \"ref: refs/heads/0.8.0-**-support-backwards-incompats\" is not a valid GitHub commit ID"}
{"level":"info","ts":1583169591.0463026,"logger":"fallback-logger","caller":"creds-init/main.go:40","msg":"Credentials initialized."}

Showing logs for build [32mcb-kubecd-bdd-gh-1583167412-pr-rt6sx-1[0m stage [32mfrom-build-pack[0m and container [32mstep-working-dir-initializer-g4xcd[0m
{"level":"warn","ts":1583169592.3304515,"logger":"fallback-logger","caller":"logging/config.go:69","msg":"Fetch GitHub commit ID from kodata failed: open /var/run/ko/HEAD: no such file or directory"}
{"level":"info","ts":1583169592.3321207,"logger":"fallback-logger","caller":"bash/main.go:64","msg":"Successfully executed command \"sh -c mkdir -p /workspace/source\"; output "}

Showing logs for build [32mcb-kubecd-bdd-gh-1583167412-pr-rt6sx-1[0m stage [32mfrom-build-pack[0m and container [32mstep-place-tools[0m

Showing logs for build [32mcb-kubecd-bdd-gh-1583167412-pr-rt6sx-1[0m stage [32mfrom-build-pack[0m and container [32mstep-git-source-cb-kubecd-bdd-gh-1583167412-pr-rt6sx-ccntd[0m
{"level":"warn","ts":1583169625.4398355,"logger":"fallback-logger","caller":"logging/config.go:69","msg":"Fetch GitHub commit ID from kodata failed: \"ref: refs/heads/0.8.0-**-support-backwards-incompats\" is not a valid GitHub commit ID"}
{"level":"info","ts":1583169626.5085506,"logger":"fallback-logger","caller":"git/git.go:103","msg":"Successfully cloned https://github.com/cb-kubecd/bdd-gh-1583167412.git @ master in path /workspace/source"}

Showing logs for build [32mcb-kubecd-bdd-gh-1583167412-pr-rt6sx-1[0m stage [32mfrom-build-pack[0m and container [32mstep-git-merge[0m
Using SHAs from PULL_REFS=master:e9322fbfa0b80f6b50b70cfd7c44a07833ca8660,1:a4d43871b1d6cd1681b7276dac0f58c28c9ab1c8
DEBUG: LC_ALL=C JX_LOG_LEVEL=error git fetch origin --unshallow a4d43871b1d6cd1681b7276dac0f58c28c9ab1c8: e9322fbfa0b80f6b50b70cfd7c44a07833ca8660:
DEBUG: ran git fetch --unshallow origin a4d43871b1d6cd1681b7276dac0f58c28c9ab1c8: e9322fbfa0b80f6b50b70cfd7c44a07833ca8660: in 
DEBUG: LC_ALL=C JX_LOG_LEVEL=error git branch
DEBUG: LC_ALL=C JX_LOG_LEVEL=error git checkout master
DEBUG: ran git checkout master in 
DEBUG: LC_ALL=C JX_LOG_LEVEL=error git reset --hard e9322fbfa0b80f6b50b70cfd7c44a07833ca8660
DEBUG: ran git reset --hard e9322fbfa0b80f6b50b70cfd7c44a07833ca8660 in 
DEBUG: LC_ALL=C JX_LOG_LEVEL=error git clean -fd .
DEBUG: ran clean --force -d . in 
DEBUG: JX_LOG_LEVEL=error LC_ALL=C git merge a4d43871b1d6cd1681b7276dac0f58c28c9ab1c8
DEBUG: ran git merge a4d43871b1d6cd1681b7276dac0f58c28c9ab1c8 in 
DEBUG: LC_ALL=C JX_LOG_LEVEL=error git log --format=%H%x1f%an%x1f%ae%x1f%cn%x1f%ce%x1f%s%n%b%x1e e9322fbfa0b80f6b50b70cfd7c44a07833ca8660..HEAD
Merged SHA a4d43871b1d6cd1681b7276dac0f58c28c9ab1c8 with commit message 'My first PR commit' into base branch master

Showing logs for build [32mcb-kubecd-bdd-gh-1583167412-pr-rt6sx-1[0m stage [32mfrom-build-pack[0m and container [32mstep-build-make-linux[0m
CGO_ENABLED=0 GOOS=linux GOARCH=amd64 GO15VENDOREXPERIMENT=1 go build -ldflags '' -o bin/bdd-gh-1583167412 main.go

Showing logs for build [32mcb-kubecd-bdd-gh-1583167412-pr-rt6sx-1[0m stage [32mfrom-build-pack[0m and container [32mstep-build-container-build[0m
[36mINFO[0m[0000] No base image, nothing to extract            
[36mINFO[0m[0000] cmd: EXPOSE                                  
[36mINFO[0m[0000] Adding exposed port: 8080/tcp                
[36mINFO[0m[0000] Using files from context: [/workspace/source/bin] 
[36mINFO[0m[0000] Skipping unpacking as no commands require it. 
[36mINFO[0m[0000] Taking snapshot of full filesystem...        
[36mINFO[0m[0000] EXPOSE 8080                                  
[36mINFO[0m[0000] cmd: EXPOSE                                  
[36mINFO[0m[0000] Adding exposed port: 8080/tcp                
[36mINFO[0m[0000] No files changed in this command, skipping snapshotting. 
[36mINFO[0m[0000] ENTRYPOINT ["/bdd-gh-1583167412"]            
[36mINFO[0m[0000] No files changed in this command, skipping snapshotting. 
[36mINFO[0m[0000] Using files from context: [/workspace/source/bin] 
[36mINFO[0m[0000] COPY ./bin/ /                                
[36mINFO[0m[0000] Taking snapshot of files...                  
2020/03/02 17:20:42 pushed blob: sha256:b70efaad57fd16b7fa6053f4dfc3a2a4b7b3088d7fb729317693976950796dfb
2020/03/02 17:20:43 pushed blob: sha256:79c0091aa73b56c0a2722428396af473adfe6114cc2f666cff65a097332aea8b
2020/03/02 17:20:44 gcr.io/jenkins-x-bdd3/bdd-gh-1583167412:0.0.0-SNAPSHOT-PR-1-1: digest: sha256:0ff882ad8daac3b9bfdd1c2bda3d1ca8ad1c08366d77ec0c35064f080dc6e6a6 size: 428

Showing logs for build [32mcb-kubecd-bdd-gh-1583167412-pr-rt6sx-1[0m stage [32mfrom-build-pack[0m and container [32mstep-postbuild-post-build[0m
no CVE provider running in the current ** namespace so skip adding image to be analysed

Showing logs for build [32mcb-kubecd-bdd-gh-1583167412-pr-rt6sx-1[0m stage [32mfrom-build-pack[0m and container [32mstep-promote-make-preview[0m
sed -i -e "s/version:.*/version: 0.0.0-SNAPSHOT-PR-1-1/" Chart.yaml
sed -i -e "s/version:.*/version: 0.0.0-SNAPSHOT-PR-1-1/" ../*/Chart.yaml
sed -i -e "s|repository:.*|repository: gcr.io\/jenkins-x-bdd3\/bdd-gh-1583167412|" values.yaml
sed -i -e "s/tag:.*/tag: 0.0.0-SNAPSHOT-PR-1-1/" values.yaml
echo "  version: 0.0.0-SNAPSHOT-PR-1-1" >> requirements.yaml
** step helm build
WARNING: No $CHART_REPOSITORY defined so using the default value of: http://jenkins-x-chartmuseum:8080
Adding missing Helm repo: storage.googleapis.com https://storage.googleapis.com/chartmuseum.jenkins-x.io
WARNING: No secrets found on "helm/repos" due: reading the secret "helm/repos" from vault: no secret "helm/repos" not found in vault
Read credentials for https://storage.googleapis.com/chartmuseum.jenkins-x.io from vault helm/repos
Successfully added Helm repository storage.googleapis.com.
Adding missing Helm repo: jenkins-x-chartmuseum http://jenkins-x-chartmuseum:8080
WARNING: No secrets found on "helm/repos" due: reading the secret "helm/repos" from vault: no secret "helm/repos" not found in vault
Read credentials for http://jenkins-x-chartmuseum:8080 from vault helm/repos
Successfully added Helm repository jenkins-x-chartmuseum.
WARNING: No $CHART_REPOSITORY defined so using the default value of: http://jenkins-x-chartmuseum:8080
Adding missing Helm repo: chartmuseum.jenkins-x.io http://chartmuseum.jenkins-x.io
WARNING: No secrets found on "helm/repos" due: reading the secret "helm/repos" from vault: no secret "helm/repos" not found in vault
Read credentials for http://chartmuseum.jenkins-x.io from vault helm/repos
Successfully added Helm repository chartmuseum.jenkins-x.io.

Showing logs for build [32mcb-kubecd-bdd-gh-1583167412-pr-rt6sx-1[0m stage [32mfrom-build-pack[0m and container [32mstep-promote-jx-preview[0m
Creating a preview
Created environment cb-kubecd-bdd-gh-1583167412-pr-1
Namespace **-cb-kubecd-bdd-gh-1583167412-pr-1 created 
expose:
  Annotations:
    helm.sh/hook: post-install,post-upgrade
    helm.sh/hook-delete-policy: hook-succeeded
  config:
    domain: 34.76.56.73.nip.io
    exposer: Ingress
    http: "true"
preview:
  image:
    repository: gcr.io/jenkins-x-bdd3/bdd-gh-1583167412
    tag: 0.0.0-SNAPSHOT-PR-1-1

Updating PipelineActivities cb-kubecd-bdd-gh-1583167412-pr-1-1 which has status Running
WARNING: preview application http://bdd-gh-1583167412.**-cb-kubecd-bdd-gh-1583167412-pr-1.34.76.56.73.nip.io not available, error was 503 503 Service Temporarily Unavailable, delaying for: 1.089834185s
WARNING: preview application http://bdd-gh-1583167412.**-cb-kubecd-bdd-gh-1583167412-pr-1.34.76.56.73.nip.io not available, error was 503 503 Service Temporarily Unavailable, delaying for: 2.067017638s
Preview application is now available at: http://bdd-gh-1583167412.**-cb-kubecd-bdd-gh-1583167412-pr-1.34.76.56.73.nip.io
